[20-Apr-2018 19:47:56 UTC] PHP Warning:  include(../Practice/dbConnection.php): failed to open stream: No such file or directory in /home/ubuntu/workspace/mathCapstone2018/webpage/admin.php on line 24
[20-Apr-2018 19:47:56 UTC] PHP Stack trace:
[20-Apr-2018 19:47:56 UTC] PHP   1. {main}() /home/ubuntu/workspace/mathCapstone2018/webpage/admin.php:0
[20-Apr-2018 19:47:56 UTC] PHP Warning:  include(): Failed opening '../Practice/dbConnection.php' for inclusion (include_path='.:/usr/share/php:/usr/share/pear') in /home/ubuntu/workspace/mathCapstone2018/webpage/admin.php on line 24
[20-Apr-2018 19:47:56 UTC] PHP Stack trace:
[20-Apr-2018 19:47:56 UTC] PHP   1. {main}() /home/ubuntu/workspace/mathCapstone2018/webpage/admin.php:0
[20-Apr-2018 19:47:56 UTC] PHP Fatal error:  Call to undefined function getDatabaseConnection() in /home/ubuntu/workspace/mathCapstone2018/webpage/admin.php on line 26
[20-Apr-2018 19:47:56 UTC] PHP Stack trace:
[20-Apr-2018 19:47:56 UTC] PHP   1. {main}() /home/ubuntu/workspace/mathCapstone2018/webpage/admin.php:0
[20-Apr-2018 19:48:51 UTC] PHP Warning:  include(../Practice/dbConnection.php): failed to open stream: No such file or directory in /home/ubuntu/workspace/mathCapstone2018/webpage/admin.php on line 24
[20-Apr-2018 19:48:51 UTC] PHP Stack trace:
[20-Apr-2018 19:48:51 UTC] PHP   1. {main}() /home/ubuntu/workspace/mathCapstone2018/webpage/admin.php:0
[20-Apr-2018 19:48:51 UTC] PHP Warning:  include(): Failed opening '../Practice/dbConnection.php' for inclusion (include_path='.:/usr/share/php:/usr/share/pear') in /home/ubuntu/workspace/mathCapstone2018/webpage/admin.php on line 24
[20-Apr-2018 19:48:51 UTC] PHP Stack trace:
[20-Apr-2018 19:48:51 UTC] PHP   1. {main}() /home/ubuntu/workspace/mathCapstone2018/webpage/admin.php:0
[20-Apr-2018 19:48:51 UTC] PHP Fatal error:  Call to undefined function getDatabaseConnection() in /home/ubuntu/workspace/mathCapstone2018/webpage/admin.php on line 26
[20-Apr-2018 19:48:51 UTC] PHP Stack trace:
[20-Apr-2018 19:48:51 UTC] PHP   1. {main}() /home/ubuntu/workspace/mathCapstone2018/webpage/admin.php:0
[20-Apr-2018 19:50:22 UTC] PHP Fatal error:  Uncaught exception 'PDOException' with message 'SQLSTATE[42S02]: Base table or view not found: 1146 Table 'ottermart.products' doesn't exist' in /home/ubuntu/workspace/mathCapstone2018/webpage/admin.php:37
Stack trace:
#0 /home/ubuntu/workspace/mathCapstone2018/webpage/admin.php(37): PDOStatement->execute()
#1 /home/ubuntu/workspace/mathCapstone2018/webpage/admin.php(91): displayAllProducts()
#2 {main}
  thrown in /home/ubuntu/workspace/mathCapstone2018/webpage/admin.php on line 37
[20-Apr-2018 19:50:37 UTC] PHP Fatal error:  Uncaught exception 'PDOException' with message 'SQLSTATE[42S02]: Base table or view not found: 1146 Table 'ottermart.products' doesn't exist' in /home/ubuntu/workspace/mathCapstone2018/webpage/admin.php:37
Stack trace:
#0 /home/ubuntu/workspace/mathCapstone2018/webpage/admin.php(37): PDOStatement->execute()
#1 /home/ubuntu/workspace/mathCapstone2018/webpage/admin.php(91): displayAllProducts()
#2 {main}
  thrown in /home/ubuntu/workspace/mathCapstone2018/webpage/admin.php on line 37
[08-May-2018 22:56:46 UTC] PHP Fatal error:  Call to a member function prepare() on a non-object in /home/ubuntu/workspace/mathCapstone2018/webpage/data.php on line 103
[08-May-2018 22:56:46 UTC] PHP Stack trace:
[08-May-2018 22:56:46 UTC] PHP   1. {main}() /home/ubuntu/workspace/mathCapstone2018/webpage/data.php:0
[08-May-2018 22:56:46 UTC] PHP   2. allData() /home/ubuntu/workspace/mathCapstone2018/webpage/data.php:76
[09-May-2018 05:53:50 UTC] PHP Fatal error:  Uncaught exception 'PDOException' with message 'SQLSTATE[42000]: Syntax error or access violation: 1065 Query was empty' in /home/ubuntu/workspace/mathCapstone2018/webpage/data.php:33
Stack trace:
#0 /home/ubuntu/workspace/mathCapstone2018/webpage/data.php(33): PDOStatement->execute()
#1 /home/ubuntu/workspace/mathCapstone2018/webpage/data.php(172): allData()
#2 {main}
  thrown in /home/ubuntu/workspace/mathCapstone2018/webpage/data.php on line 33
[09-May-2018 05:54:19 UTC] PHP Fatal error:  Uncaught exception 'PDOException' with message 'SQLSTATE[42000]: Syntax error or access violation: 1065 Query was empty' in /home/ubuntu/workspace/mathCapstone2018/webpage/data.php:33
Stack trace:
#0 /home/ubuntu/workspace/mathCapstone2018/webpage/data.php(33): PDOStatement->execute(NULL)
#1 /home/ubuntu/workspace/mathCapstone2018/webpage/data.php(172): allData()
#2 {main}
  thrown in /home/ubuntu/workspace/mathCapstone2018/webpage/data.php on line 33
[09-May-2018 05:54:21 UTC] PHP Fatal error:  Uncaught exception 'PDOException' with message 'SQLSTATE[42000]: Syntax error or access violation: 1065 Query was empty' in /home/ubuntu/workspace/mathCapstone2018/webpage/data.php:33
Stack trace:
#0 /home/ubuntu/workspace/mathCapstone2018/webpage/data.php(33): PDOStatement->execute(NULL)
#1 /home/ubuntu/workspace/mathCapstone2018/webpage/data.php(172): allData()
#2 {main}
  thrown in /home/ubuntu/workspace/mathCapstone2018/webpage/data.php on line 33
[09-May-2018 05:56:44 UTC] PHP Fatal error:  Uncaught exception 'PDOException' with message 'SQLSTATE[42000]: Syntax error or access violation: 1065 Query was empty' in /home/ubuntu/workspace/mathCapstone2018/webpage/data.php:33
Stack trace:
#0 /home/ubuntu/workspace/mathCapstone2018/webpage/data.php(33): PDOStatement->execute(NULL)
#1 /home/ubuntu/workspace/mathCapstone2018/webpage/data.php(172): allData()
#2 {main}
  thrown in /home/ubuntu/workspace/mathCapstone2018/webpage/data.php on line 33
[09-May-2018 06:01:32 UTC] PHP Fatal error:  Uncaught exception 'PDOException' with message 'SQLSTATE[42000]: Syntax error or access violation: 1065 Query was empty' in /home/ubuntu/workspace/mathCapstone2018/webpage/data.php:33
Stack trace:
#0 /home/ubuntu/workspace/mathCapstone2018/webpage/data.php(33): PDOStatement->execute(NULL)
#1 /home/ubuntu/workspace/mathCapstone2018/webpage/data.php(172): allData()
#2 {main}
  thrown in /home/ubuntu/workspace/mathCapstone2018/webpage/data.php on line 33
[09-May-2018 06:02:20 UTC] PHP Fatal error:  Uncaught exception 'PDOException' with message 'SQLSTATE[42000]: Syntax error or access violation: 1065 Query was empty' in /home/ubuntu/workspace/mathCapstone2018/webpage/data.php:33
Stack trace:
#0 /home/ubuntu/workspace/mathCapstone2018/webpage/data.php(33): PDOStatement->execute(NULL)
#1 /home/ubuntu/workspace/mathCapstone2018/webpage/data.php(172): allData()
#2 {main}
  thrown in /home/ubuntu/workspace/mathCapstone2018/webpage/data.php on line 33
[09-May-2018 06:02:21 UTC] PHP Fatal error:  Uncaught exception 'PDOException' with message 'SQLSTATE[42000]: Syntax error or access violation: 1065 Query was empty' in /home/ubuntu/workspace/mathCapstone2018/webpage/data.php:33
Stack trace:
#0 /home/ubuntu/workspace/mathCapstone2018/webpage/data.php(33): PDOStatement->execute(NULL)
#1 /home/ubuntu/workspace/mathCapstone2018/webpage/data.php(172): allData()
#2 {main}
  thrown in /home/ubuntu/workspace/mathCapstone2018/webpage/data.php on line 33
[09-May-2018 06:02:24 UTC] PHP Fatal error:  Uncaught exception 'PDOException' with message 'SQLSTATE[42000]: Syntax error or access violation: 1065 Query was empty' in /home/ubuntu/workspace/mathCapstone2018/webpage/data.php:33
Stack trace:
#0 /home/ubuntu/workspace/mathCapstone2018/webpage/data.php(33): PDOStatement->execute(NULL)
#1 /home/ubuntu/workspace/mathCapstone2018/webpage/data.php(172): allData()
#2 {main}
  thrown in /home/ubuntu/workspace/mathCapstone2018/webpage/data.php on line 33
[09-May-2018 09:34:58 UTC] PHP Fatal error:  Uncaught exception 'PDOException' with message 'SQLSTATE[42S22]: Column not found: 1054 Unknown column 'undefined' in 'where clause'' in /home/ubuntu/workspace/mathCapstone2018/webpage/update.php:15
Stack trace:
#0 /home/ubuntu/workspace/mathCapstone2018/webpage/update.php(15): PDOStatement->execute()
#1 /home/ubuntu/workspace/mathCapstone2018/webpage/update.php(40): getInfo()
#2 {main}
  thrown in /home/ubuntu/workspace/mathCapstone2018/webpage/update.php on line 15
[09-May-2018 09:36:39 UTC] PHP Fatal error:  Uncaught exception 'PDOException' with message 'SQLSTATE[42S22]: Column not found: 1054 Unknown column 'undefined' in 'where clause'' in /home/ubuntu/workspace/mathCapstone2018/webpage/update.php:15
Stack trace:
#0 /home/ubuntu/workspace/mathCapstone2018/webpage/update.php(15): PDOStatement->execute()
#1 /home/ubuntu/workspace/mathCapstone2018/webpage/update.php(40): getInfo()
#2 {main}
  thrown in /home/ubuntu/workspace/mathCapstone2018/webpage/update.php on line 15
[09-May-2018 09:37:17 UTC] PHP Fatal error:  Uncaught exception 'PDOException' with message 'SQLSTATE[42S22]: Column not found: 1054 Unknown column 'undefined' in 'where clause'' in /home/ubuntu/workspace/mathCapstone2018/webpage/update.php:15
Stack trace:
#0 /home/ubuntu/workspace/mathCapstone2018/webpage/update.php(15): PDOStatement->execute()
#1 /home/ubuntu/workspace/mathCapstone2018/webpage/update.php(40): getInfo()
#2 {main}
  thrown in /home/ubuntu/workspace/mathCapstone2018/webpage/update.php on line 15
[09-May-2018 09:39:35 UTC] PHP Fatal error:  Uncaught exception 'PDOException' with message 'SQLSTATE[42S22]: Column not found: 1054 Unknown column 'undefined' in 'where clause'' in /home/ubuntu/workspace/mathCapstone2018/webpage/update.php:15
Stack trace:
#0 /home/ubuntu/workspace/mathCapstone2018/webpage/update.php(15): PDOStatement->execute()
#1 /home/ubuntu/workspace/mathCapstone2018/webpage/update.php(40): getInfo()
#2 {main}
  thrown in /home/ubuntu/workspace/mathCapstone2018/webpage/update.php on line 15
[09-May-2018 15:27:37 UTC] PHP Fatal error:  Uncaught exception 'PDOException' with message 'SQLSTATE[42S22]: Column not found: 1054 Unknown column 'undefined' in 'where clause'' in /home/ubuntu/workspace/mathCapstone2018/webpage/update.php:15
Stack trace:
#0 /home/ubuntu/workspace/mathCapstone2018/webpage/update.php(15): PDOStatement->execute()
#1 /home/ubuntu/workspace/mathCapstone2018/webpage/update.php(40): getInfo()
#2 {main}
  thrown in /home/ubuntu/workspace/mathCapstone2018/webpage/update.php on line 15
[09-May-2018 15:28:08 UTC] PHP Fatal error:  Uncaught exception 'PDOException' with message 'SQLSTATE[42S22]: Column not found: 1054 Unknown column 'undefined' in 'where clause'' in /home/ubuntu/workspace/mathCapstone2018/webpage/update.php:15
Stack trace:
#0 /home/ubuntu/workspace/mathCapstone2018/webpage/update.php(15): PDOStatement->execute()
#1 /home/ubuntu/workspace/mathCapstone2018/webpage/update.php(40): getInfo()
#2 {main}
  thrown in /home/ubuntu/workspace/mathCapstone2018/webpage/update.php on line 15
[09-May-2018 15:28:25 UTC] PHP Fatal error:  Uncaught exception 'PDOException' with message 'SQLSTATE[42S22]: Column not found: 1054 Unknown column 'undefined' in 'where clause'' in /home/ubuntu/workspace/mathCapstone2018/webpage/update.php:15
Stack trace:
#0 /home/ubuntu/workspace/mathCapstone2018/webpage/update.php(15): PDOStatement->execute()
#1 /home/ubuntu/workspace/mathCapstone2018/webpage/update.php(40): getInfo()
#2 {main}
  thrown in /home/ubuntu/workspace/mathCapstone2018/webpage/update.php on line 15
[09-May-2018 15:30:01 UTC] PHP Fatal error:  Uncaught exception 'PDOException' with message 'SQLSTATE[42S22]: Column not found: 1054 Unknown column 'undefined' in 'where clause'' in /home/ubuntu/workspace/mathCapstone2018/webpage/update.php:15
Stack trace:
#0 /home/ubuntu/workspace/mathCapstone2018/webpage/update.php(15): PDOStatement->execute()
#1 /home/ubuntu/workspace/mathCapstone2018/webpage/update.php(40): getInfo()
#2 {main}
  thrown in /home/ubuntu/workspace/mathCapstone2018/webpage/update.php on line 15
[09-May-2018 15:51:48 UTC] PHP Fatal error:  Uncaught exception 'PDOException' with message 'SQLSTATE[HY093]: Invalid parameter number: number of bound variables does not match number of tokens' in /home/ubuntu/workspace/mathCapstone2018/webpage/update.php:33
Stack trace:
#0 /home/ubuntu/workspace/mathCapstone2018/webpage/update.php(33): PDOStatement->execute(Array)
#1 {main}
  thrown in /home/ubuntu/workspace/mathCapstone2018/webpage/update.php on line 33
[09-May-2018 15:53:39 UTC] PHP Fatal error:  Uncaught exception 'PDOException' with message 'SQLSTATE[HY093]: Invalid parameter number: number of bound variables does not match number of tokens' in /home/ubuntu/workspace/mathCapstone2018/webpage/update.php:37
Stack trace:
#0 /home/ubuntu/workspace/mathCapstone2018/webpage/update.php(37): PDOStatement->execute(Array)
#1 {main}
  thrown in /home/ubuntu/workspace/mathCapstone2018/webpage/update.php on line 37
[09-May-2018 15:56:03 UTC] PHP Fatal error:  Uncaught exception 'PDOException' with message 'SQLSTATE[HY093]: Invalid parameter number: number of bound variables does not match number of tokens' in /home/ubuntu/workspace/mathCapstone2018/webpage/update.php:42
Stack trace:
#0 /home/ubuntu/workspace/mathCapstone2018/webpage/update.php(42): PDOStatement->execute(Array)
#1 {main}
  thrown in /home/ubuntu/workspace/mathCapstone2018/webpage/update.php on line 42
[09-May-2018 15:56:06 UTC] PHP Fatal error:  Uncaught exception 'PDOException' with message 'SQLSTATE[HY093]: Invalid parameter number: number of bound variables does not match number of tokens' in /home/ubuntu/workspace/mathCapstone2018/webpage/update.php:42
Stack trace:
#0 /home/ubuntu/workspace/mathCapstone2018/webpage/update.php(42): PDOStatement->execute(Array)
#1 {main}
  thrown in /home/ubuntu/workspace/mathCapstone2018/webpage/update.php on line 42
[09-May-2018 15:59:51 UTC] PHP Fatal error:  Uncaught exception 'PDOException' with message 'SQLSTATE[HY093]: Invalid parameter number: number of bound variables does not match number of tokens' in /home/ubuntu/workspace/mathCapstone2018/webpage/update.php:42
Stack trace:
#0 /home/ubuntu/workspace/mathCapstone2018/webpage/update.php(42): PDOStatement->execute(Array)
#1 {main}
  thrown in /home/ubuntu/workspace/mathCapstone2018/webpage/update.php on line 42
[09-May-2018 16:01:04 UTC] PHP Fatal error:  Uncaught exception 'PDOException' with message 'SQLSTATE[HY093]: Invalid parameter number: number of bound variables does not match number of tokens' in /home/ubuntu/workspace/mathCapstone2018/webpage/update.php:43
Stack trace:
#0 /home/ubuntu/workspace/mathCapstone2018/webpage/update.php(43): PDOStatement->execute(Array)
#1 {main}
  thrown in /home/ubuntu/workspace/mathCapstone2018/webpage/update.php on line 43
[09-May-2018 16:01:07 UTC] PHP Fatal error:  Uncaught exception 'PDOException' with message 'SQLSTATE[HY093]: Invalid parameter number: number of bound variables does not match number of tokens' in /home/ubuntu/workspace/mathCapstone2018/webpage/update.php:43
Stack trace:
#0 /home/ubuntu/workspace/mathCapstone2018/webpage/update.php(43): PDOStatement->execute(Array)
#1 {main}
  thrown in /home/ubuntu/workspace/mathCapstone2018/webpage/update.php on line 43
[09-May-2018 16:01:28 UTC] PHP Fatal error:  Uncaught exception 'PDOException' with message 'SQLSTATE[HY093]: Invalid parameter number: number of bound variables does not match number of tokens' in /home/ubuntu/workspace/mathCapstone2018/webpage/update.php:43
Stack trace:
#0 /home/ubuntu/workspace/mathCapstone2018/webpage/update.php(43): PDOStatement->execute(Array)
#1 {main}
  thrown in /home/ubuntu/workspace/mathCapstone2018/webpage/update.php on line 43
[09-May-2018 16:06:31 UTC] PHP Fatal error:  Uncaught exception 'PDOException' with message 'SQLSTATE[HY093]: Invalid parameter number: number of bound variables does not match number of tokens' in /home/ubuntu/workspace/mathCapstone2018/webpage/update.php:42
Stack trace:
#0 /home/ubuntu/workspace/mathCapstone2018/webpage/update.php(42): PDOStatement->execute(Array)
#1 {main}
  thrown in /home/ubuntu/workspace/mathCapstone2018/webpage/update.php on line 42
[09-May-2018 16:09:55 UTC] PHP Fatal error:  Uncaught exception 'PDOException' with message 'SQLSTATE[HY093]: Invalid parameter number: number of bound variables does not match number of tokens' in /home/ubuntu/workspace/mathCapstone2018/webpage/update.php:40
Stack trace:
#0 /home/ubuntu/workspace/mathCapstone2018/webpage/update.php(40): PDOStatement->execute(Array)
#1 {main}
  thrown in /home/ubuntu/workspace/mathCapstone2018/webpage/update.php on line 40
[09-May-2018 16:11:39 UTC] PHP Fatal error:  Uncaught exception 'PDOException' with message 'SQLSTATE[HY093]: Invalid parameter number: number of bound variables does not match number of tokens' in /home/ubuntu/workspace/mathCapstone2018/webpage/update.php:41
Stack trace:
#0 /home/ubuntu/workspace/mathCapstone2018/webpage/update.php(41): PDOStatement->execute(Array)
#1 {main}
  thrown in /home/ubuntu/workspace/mathCapstone2018/webpage/update.php on line 41
[09-May-2018 16:14:42 UTC] PHP Fatal error:  Uncaught exception 'PDOException' with message 'SQLSTATE[HY093]: Invalid parameter number: number of bound variables does not match number of tokens' in /home/ubuntu/workspace/mathCapstone2018/webpage/update.php:41
Stack trace:
#0 /home/ubuntu/workspace/mathCapstone2018/webpage/update.php(41): PDOStatement->execute(Array)
#1 {main}
  thrown in /home/ubuntu/workspace/mathCapstone2018/webpage/update.php on line 41
[09-May-2018 16:14:44 UTC] PHP Fatal error:  Uncaught exception 'PDOException' with message 'SQLSTATE[HY093]: Invalid parameter number: number of bound variables does not match number of tokens' in /home/ubuntu/workspace/mathCapstone2018/webpage/update.php:41
Stack trace:
#0 /home/ubuntu/workspace/mathCapstone2018/webpage/update.php(41): PDOStatement->execute(Array)
#1 {main}
  thrown in /home/ubuntu/workspace/mathCapstone2018/webpage/update.php on line 41
[09-May-2018 18:56:15 UTC] PHP Fatal error:  Uncaught exception 'PDOException' with message 'SQLSTATE[HY093]: Invalid parameter number: number of bound variables does not match number of tokens' in /home/ubuntu/workspace/mathCapstone2018/webpage/update.php:41
Stack trace:
#0 /home/ubuntu/workspace/mathCapstone2018/webpage/update.php(41): PDOStatement->execute(Array)
#1 {main}
  thrown in /home/ubuntu/workspace/mathCapstone2018/webpage/update.php on line 41
[09-May-2018 18:56:56 UTC] PHP Fatal error:  Uncaught exception 'PDOException' with message 'SQLSTATE[HY093]: Invalid parameter number: number of bound variables does not match number of tokens' in /home/ubuntu/workspace/mathCapstone2018/webpage/update.php:41
Stack trace:
#0 /home/ubuntu/workspace/mathCapstone2018/webpage/update.php(41): PDOStatement->execute(Array)
#1 {main}
  thrown in /home/ubuntu/workspace/mathCapstone2018/webpage/update.php on line 41
[09-May-2018 18:58:52 UTC] PHP Fatal error:  Uncaught exception 'PDOException' with message 'SQLSTATE[HY093]: Invalid parameter number: number of bound variables does not match number of tokens' in /home/ubuntu/workspace/mathCapstone2018/webpage/update.php:41
Stack trace:
#0 /home/ubuntu/workspace/mathCapstone2018/webpage/update.php(41): PDOStatement->execute(Array)
#1 {main}
  thrown in /home/ubuntu/workspace/mathCapstone2018/webpage/update.php on line 41
[09-May-2018 19:00:16 UTC] PHP Fatal error:  Uncaught exception 'PDOException' with message 'SQLSTATE[HY093]: Invalid parameter number: number of bound variables does not match number of tokens' in /home/ubuntu/workspace/mathCapstone2018/webpage/update.php:41
Stack trace:
#0 /home/ubuntu/workspace/mathCapstone2018/webpage/update.php(41): PDOStatement->execute(Array)
#1 {main}
  thrown in /home/ubuntu/workspace/mathCapstone2018/webpage/update.php on line 41
[09-May-2018 19:04:21 UTC] PHP Fatal error:  Uncaught exception 'PDOException' with message 'SQLSTATE[HY093]: Invalid parameter number: number of bound variables does not match number of tokens' in /home/ubuntu/workspace/mathCapstone2018/webpage/update.php:41
Stack trace:
#0 /home/ubuntu/workspace/mathCapstone2018/webpage/update.php(41): PDOStatement->execute(Array)
#1 {main}
  thrown in /home/ubuntu/workspace/mathCapstone2018/webpage/update.php on line 41
[09-May-2018 19:05:14 UTC] PHP Fatal error:  Uncaught exception 'PDOException' with message 'SQLSTATE[HY093]: Invalid parameter number: number of bound variables does not match number of tokens' in /home/ubuntu/workspace/mathCapstone2018/webpage/update.php:41
Stack trace:
#0 /home/ubuntu/workspace/mathCapstone2018/webpage/update.php(41): PDOStatement->execute(Array)
#1 {main}
  thrown in /home/ubuntu/workspace/mathCapstone2018/webpage/update.php on line 41
[09-May-2018 19:06:55 UTC] PHP Fatal error:  Uncaught exception 'PDOException' with message 'SQLSTATE[HY093]: Invalid parameter number: number of bound variables does not match number of tokens' in /home/ubuntu/workspace/mathCapstone2018/webpage/update.php:41
Stack trace:
#0 /home/ubuntu/workspace/mathCapstone2018/webpage/update.php(41): PDOStatement->execute(Array)
#1 {main}
  thrown in /home/ubuntu/workspace/mathCapstone2018/webpage/update.php on line 41
[09-May-2018 19:07:54 UTC] PHP Fatal error:  Uncaught exception 'PDOException' with message 'SQLSTATE[HY093]: Invalid parameter number: number of bound variables does not match number of tokens' in /home/ubuntu/workspace/mathCapstone2018/webpage/update.php:41
Stack trace:
#0 /home/ubuntu/workspace/mathCapstone2018/webpage/update.php(41): PDOStatement->execute(Array)
#1 {main}
  thrown in /home/ubuntu/workspace/mathCapstone2018/webpage/update.php on line 41
[09-May-2018 19:08:57 UTC] PHP Fatal error:  Uncaught exception 'PDOException' with message 'SQLSTATE[HY093]: Invalid parameter number: number of bound variables does not match number of tokens' in /home/ubuntu/workspace/mathCapstone2018/webpage/update.php:41
Stack trace:
#0 /home/ubuntu/workspace/mathCapstone2018/webpage/update.php(41): PDOStatement->execute(Array)
#1 {main}
  thrown in /home/ubuntu/workspace/mathCapstone2018/webpage/update.php on line 41
[09-May-2018 19:42:07 UTC] PHP Warning:  include(scipts.php): failed to open stream: No such file or directory in /home/ubuntu/workspace/mathCapstone2018/webpage/reports.php on line 65
[09-May-2018 19:42:07 UTC] PHP Stack trace:
[09-May-2018 19:42:07 UTC] PHP   1. {main}() /home/ubuntu/workspace/mathCapstone2018/webpage/reports.php:0
[09-May-2018 19:42:07 UTC] PHP Warning:  include(): Failed opening 'scipts.php' for inclusion (include_path='.:/usr/share/php:/usr/share/pear') in /home/ubuntu/workspace/mathCapstone2018/webpage/reports.php on line 65
[09-May-2018 19:42:07 UTC] PHP Stack trace:
[09-May-2018 19:42:07 UTC] PHP   1. {main}() /home/ubuntu/workspace/mathCapstone2018/webpage/reports.php:0
[09-May-2018 19:42:07 UTC] PHP Fatal error:  Uncaught exception 'PDOException' with message 'SQLSTATE[42000]: Syntax error or access violation: 1065 Query was empty' in /home/ubuntu/workspace/mathCapstone2018/webpage/reports.php:54
Stack trace:
#0 /home/ubuntu/workspace/mathCapstone2018/webpage/reports.php(54): PDOStatement->execute(NULL)
#1 /home/ubuntu/workspace/mathCapstone2018/webpage/reports.php(104): report()
#2 {main}
  thrown in /home/ubuntu/workspace/mathCapstone2018/webpage/reports.php on line 54
[09-May-2018 19:42:28 UTC] PHP Fatal error:  Uncaught exception 'PDOException' with message 'SQLSTATE[42000]: Syntax error or access violation: 1065 Query was empty' in /home/ubuntu/workspace/mathCapstone2018/webpage/reports.php:54
Stack trace:
#0 /home/ubuntu/workspace/mathCapstone2018/webpage/reports.php(54): PDOStatement->execute(NULL)
#1 /home/ubuntu/workspace/mathCapstone2018/webpage/reports.php(104): report()
#2 {main}
  thrown in /home/ubuntu/workspace/mathCapstone2018/webpage/reports.php on line 54
[09-May-2018 19:42:57 UTC] PHP Fatal error:  Uncaught exception 'PDOException' with message 'SQLSTATE[42000]: Syntax error or access violation: 1064 You have an error in your SQL syntax; check the manual that corresponds to your MySQL server version for the right syntax to use near 'student) FROM projectData' at line 1' in /home/ubuntu/workspace/mathCapstone2018/webpage/reports.php:54
Stack trace:
#0 /home/ubuntu/workspace/mathCapstone2018/webpage/reports.php(54): PDOStatement->execute(NULL)
#1 /home/ubuntu/workspace/mathCapstone2018/webpage/reports.php(104): report()
#2 {main}
  thrown in /home/ubuntu/workspace/mathCapstone2018/webpage/reports.php on line 54
[09-May-2018 19:43:23 UTC] PHP Fatal error:  Uncaught exception 'PDOException' with message 'SQLSTATE[42000]: Syntax error or access violation: 1064 You have an error in your SQL syntax; check the manual that corresponds to your MySQL server version for the right syntax to use near 'student) FROM projectData' at line 1' in /home/ubuntu/workspace/mathCapstone2018/webpage/reports.php:54
Stack trace:
#0 /home/ubuntu/workspace/mathCapstone2018/webpage/reports.php(54): PDOStatement->execute()
#1 /home/ubuntu/workspace/mathCapstone2018/webpage/reports.php(104): report()
#2 {main}
  thrown in /home/ubuntu/workspace/mathCapstone2018/webpage/reports.php on line 54
[09-May-2018 19:44:41 UTC] PHP Fatal error:  Uncaught exception 'PDOException' with message 'SQLSTATE[42000]: Syntax error or access violation: 1064 You have an error in your SQL syntax; check the manual that corresponds to your MySQL server version for the right syntax to use near 'student) FROM projectData' at line 1' in /home/ubuntu/workspace/mathCapstone2018/webpage/reports.php:52
Stack trace:
#0 /home/ubuntu/workspace/mathCapstone2018/webpage/reports.php(52): PDOStatement->execute()
#1 /home/ubuntu/workspace/mathCapstone2018/webpage/reports.php(102): report()
#2 {main}
  thrown in /home/ubuntu/workspace/mathCapstone2018/webpage/reports.php on line 52
[09-May-2018 19:44:42 UTC] PHP Fatal error:  Uncaught exception 'PDOException' with message 'SQLSTATE[42000]: Syntax error or access violation: 1064 You have an error in your SQL syntax; check the manual that corresponds to your MySQL server version for the right syntax to use near 'student) FROM projectData' at line 1' in /home/ubuntu/workspace/mathCapstone2018/webpage/reports.php:52
Stack trace:
#0 /home/ubuntu/workspace/mathCapstone2018/webpage/reports.php(52): PDOStatement->execute()
#1 /home/ubuntu/workspace/mathCapstone2018/webpage/reports.php(102): report()
#2 {main}
  thrown in /home/ubuntu/workspace/mathCapstone2018/webpage/reports.php on line 52
[09-May-2018 20:21:57 UTC] PHP Fatal error:  Uncaught exception 'PDOException' with message 'SQLSTATE[HY093]: Invalid parameter number: number of bound variables does not match number of tokens' in /home/ubuntu/workspace/mathCapstone2018/webpage/add.php:38
Stack trace:
#0 /home/ubuntu/workspace/mathCapstone2018/webpage/add.php(38): PDOStatement->execute(Array)
#1 {main}
  thrown in /home/ubuntu/workspace/mathCapstone2018/webpage/add.php on line 38
[09-May-2018 20:22:40 UTC] PHP Fatal error:  Uncaught exception 'PDOException' with message 'SQLSTATE[HY093]: Invalid parameter number: number of bound variables does not match number of tokens' in /home/ubuntu/workspace/mathCapstone2018/webpage/add.php:38
Stack trace:
#0 /home/ubuntu/workspace/mathCapstone2018/webpage/add.php(38): PDOStatement->execute(Array)
#1 {main}
  thrown in /home/ubuntu/workspace/mathCapstone2018/webpage/add.php on line 38
[09-May-2018 20:23:35 UTC] PHP Fatal error:  Uncaught exception 'PDOException' with message 'SQLSTATE[HY093]: Invalid parameter number: number of bound variables does not match number of tokens' in /home/ubuntu/workspace/mathCapstone2018/webpage/add.php:38
Stack trace:
#0 /home/ubuntu/workspace/mathCapstone2018/webpage/add.php(38): PDOStatement->execute(Array)
#1 {main}
  thrown in /home/ubuntu/workspace/mathCapstone2018/webpage/add.php on line 38
[09-May-2018 20:23:40 UTC] PHP Fatal error:  Uncaught exception 'PDOException' with message 'SQLSTATE[HY093]: Invalid parameter number: number of bound variables does not match number of tokens' in /home/ubuntu/workspace/mathCapstone2018/webpage/add.php:38
Stack trace:
#0 /home/ubuntu/workspace/mathCapstone2018/webpage/add.php(38): PDOStatement->execute(Array)
#1 {main}
  thrown in /home/ubuntu/workspace/mathCapstone2018/webpage/add.php on line 38
[09-May-2018 20:30:02 UTC] PHP Fatal error:  Uncaught exception 'PDOException' with message 'SQLSTATE[HY093]: Invalid parameter number: number of bound variables does not match number of tokens' in /home/ubuntu/workspace/mathCapstone2018/webpage/add.php:40
Stack trace:
#0 /home/ubuntu/workspace/mathCapstone2018/webpage/add.php(40): PDOStatement->execute(Array)
#1 {main}
  thrown in /home/ubuntu/workspace/mathCapstone2018/webpage/add.php on line 40
[09-May-2018 21:43:59 UTC] PHP Fatal error:  Uncaught exception 'PDOException' with message 'SQLSTATE[42000]: Syntax error or access violation: 1064 You have an error in your SQL syntax; check the manual that corresponds to your MySQL server version for the right syntax to use near '' at line 2' in /home/ubuntu/workspace/mathCapstone2018/webpage/add.php:38
Stack trace:
#0 /home/ubuntu/workspace/mathCapstone2018/webpage/add.php(38): PDOStatement->execute(Array)
#1 {main}
  thrown in /home/ubuntu/workspace/mathCapstone2018/webpage/add.php on line 38
